<?xml version="1.0" encoding="UTF-8"?>
<testsuites name="jest tests" tests="4" failures="0" time="3.56">
  <testsuite name="Button tests" errors="0" failures="0" skipped="0" timestamp="2021-06-01T19:07:52" time="2.387" tests="4">
    <testcase classname="Button tests" name="Dodano poprawnie komponent SquareOrCircle" time="0.002">
    </testcase>
    <testcase classname="Button tests" name="SquareOrCircle ma domyślnie szerokość 200px" time="0.003">
    </testcase>
    <testcase classname="Button tests" name="SquareOrCircle ma domyślnie wysokość 200px" time="0.001">
    </testcase>
    <testcase classname="Button tests" name="Dodano parametr który przy wartości true sprawia, że element staje się okręgiem" time="0">
    </testcase>
  </testsuite>
</testsuites>